<?xml version="1.0" encoding="UTF-8"?>
<!-- Generated by org.testng.reporters.JUnitReportReporter -->
<testsuite hostname="Ajay" failures="0" tests="1" name="facebook.Facebook" time="12.864" errors="0" timestamp="2023-11-24T11:07:40 IST" skipped="0">
  <testcase classname="facebook.Facebook" name="login" time="12.864"/>
  <system-out/>
</testsuite> <!-- facebook.Facebook -->
